warning ../../../package.json: No license field
DeclarationError: Function "tload" not found.
   --> lib/seaport-core/src/lib/ReentrancyGuard.sol:144:24:
    |
144 |                     if tload(_REENTRANCY_GUARD_SLOT) {
    |                        ^^^^^


TypeError: Expected expression to evaluate to one value, but got 0 values instead.
   --> lib/seaport-core/src/lib/ReentrancyGuard.sol:144:24:
    |
144 |                     if tload(_REENTRANCY_GUARD_SLOT) {
    |                        ^^^^^^^^^^^^^^^^^^^^^^^^^^^^^


DeclarationError: Function "tstore" not found.
   --> lib/seaport-core/src/lib/ReentrancyGuard.sol:160:21:
    |
160 |                     tstore(
    |                     ^^^^^^


DeclarationError: Function "tload" not found.
   --> lib/seaport-core/src/lib/ReentrancyGuard.sol:175:24:
    |
175 |                     if tload(_REENTRANCY_GUARD_SLOT) {
    |                        ^^^^^


TypeError: Expected expression to evaluate to one value, but got 0 values instead.
   --> lib/seaport-core/src/lib/ReentrancyGuard.sol:175:24:
    |
175 |                     if tload(_REENTRANCY_GUARD_SLOT) {
    |                        ^^^^^^^^^^^^^^^^^^^^^^^^^^^^^


DeclarationError: Function "tstore" not found.
   --> lib/seaport-core/src/lib/ReentrancyGuard.sol:191:21:
    |
191 |                     tstore(
    |                     ^^^^^^


DeclarationError: Function "tstore" not found.
   --> lib/seaport-core/src/lib/ReentrancyGuard.sol:242:21:
    |
242 |                     tstore(_REENTRANCY_GUARD_SLOT, _NOT_ENTERED_TSTORE)
    |                     ^^^^^^


DeclarationError: Function "tstore" not found.
   --> lib/seaport-core/src/lib/ReentrancyGuard.sol:254:21:
    |
254 |                     tstore(_REENTRANCY_GUARD_SLOT, _NOT_ENTERED_TSTORE)
    |                     ^^^^^^


DeclarationError: Function "tload" not found.
   --> lib/seaport-core/src/lib/ReentrancyGuard.sol:283:20:
    |
283 |                 if tload(_REENTRANCY_GUARD_SLOT) {
    |                    ^^^^^


TypeError: Expected expression to evaluate to one value, but got 0 values instead.
   --> lib/seaport-core/src/lib/ReentrancyGuard.sol:283:20:
    |
283 |                 if tload(_REENTRANCY_GUARD_SLOT) {
    |                    ^^^^^^^^^^^^^^^^^^^^^^^^^^^^^


DeclarationError: Function "tload" not found.
   --> lib/seaport-core/src/lib/ReentrancyGuard.sol:301:24:
    |
301 |                     if tload(_REENTRANCY_GUARD_SLOT) {
    |                        ^^^^^


TypeError: Expected expression to evaluate to one value, but got 0 values instead.
   --> lib/seaport-core/src/lib/ReentrancyGuard.sol:301:24:
    |
301 |                     if tload(_REENTRANCY_GUARD_SLOT) {
    |                        ^^^^^^^^^^^^^^^^^^^^^^^^^^^^^


DeclarationError: Function "tload" not found.
   --> lib/seaport-core/src/lib/ReentrancyGuard.sol:343:25:
    |
343 |                         tload(_REENTRANCY_GUARD_SLOT),
    |                         ^^^^^


TypeError: Expected expression to evaluate to one value, but got 0 values instead.
   --> lib/seaport-core/src/lib/ReentrancyGuard.sol:343:25:
    |
343 |                         tload(_REENTRANCY_GUARD_SLOT),
    |                         ^^^^^^^^^^^^^^^^^^^^^^^^^^^^^


DeclarationError: Function "tload" not found.
   --> lib/seaport-core/src/lib/ReentrancyGuard.sol:371:29:
    |
371 |                             tload(_REENTRANCY_GUARD_SLOT),
    |                             ^^^^^


TypeError: Expected expression to evaluate to one value, but got 0 values instead.
   --> lib/seaport-core/src/lib/ReentrancyGuard.sol:371:29:
    |
371 |                             tload(_REENTRANCY_GUARD_SLOT),
    |                             ^^^^^^^^^^^^^^^^^^^^^^^^^^^^^


Error HHE1232: Compilation failed

For more info go to https://hardhat.org/HHE1232 or run Hardhat with --show-stack-traces
error Command failed with exit code 1.
