Compiling 224 files with Solc 0.8.26
Solc 0.8.26 finished in 189.83s
Compiler run successful with warnings:
Warning (2519): This declaration shadows an existing declaration.
   --> test/pool-bin/BinPoolManager.t.sol:229:37:
    |
229 |     function test_fuzz_InvalidPrice(uint24 activeId, bool isLeft) public {
    |                                     ^^^^^^^^^^^^^^^
Note: The shadowed declaration is here:
  --> test/pool-bin/BinPoolManager.t.sol:68:5:
   |
68 |     uint24 activeId = 2 ** 23; // where token0 and token1 price is the same
   |     ^^^^^^^^^^^^^^^^^^^^^^^^^

Warning (2519): This declaration shadows an existing declaration.
   --> test/pool-bin/BinPoolManager.t.sol:243:35:
    |
243 |     function test_fuzz_ValidPrice(uint24 activeId, bool isLeft) public {
    |                                   ^^^^^^^^^^^^^^^
Note: The shadowed declaration is here:
  --> test/pool-bin/BinPoolManager.t.sol:68:5:
   |
68 |     uint24 activeId = 2 ** 23; // where token0 and token1 price is the same
   |     ^^^^^^^^^^^^^^^^^^^^^^^^^

Warning (5667): Unused function parameter. Remove or comment out the variable name to silence this warning.
  --> src/test/pool-bin/MockBinDynamicFeeHook.sol:30:9:
   |
30 |         address sender,
   |         ^^^^^^^^^^^^^^

Warning (5667): Unused function parameter. Remove or comment out the variable name to silence this warning.
  --> src/test/pool-bin/MockBinDynamicFeeHook.sol:31:9:
   |
31 |         PoolKey calldata key,
   |         ^^^^^^^^^^^^^^^^^^^^

Warning (5667): Unused function parameter. Remove or comment out the variable name to silence this warning.
  --> src/test/pool-bin/MockBinDynamicFeeHook.sol:32:9:
   |
32 |         IBinPoolManager.MintParams calldata params,
   |         ^^^^^^^^^^^^^^^^^^^^^^^^^^^^^^^^^^^^^^^^^^

Warning (5667): Unused function parameter. Remove or comment out the variable name to silence this warning.
  --> src/test/pool-bin/MockBinDynamicFeeHook.sol:33:9:
   |
33 |         bytes calldata hookData
   |         ^^^^^^^^^^^^^^^^^^^^^^^

Warning (2018): Function state mutability can be restricted to view
  --> src/test/pool-bin/MockBinDynamicFeeHook.sol:29:5:
   |
29 |     function beforeMint(
   |     ^ (Relevant source part starts here and spans across multiple lines).

Warning (2018): Function state mutability can be restricted to view
  --> src/test/pool-bin/MockBinHooks.sol:36:5:
   |
36 |     function beforeInitialize(address, PoolKey calldata, uint24) external returns (bytes4) {
   |     ^ (Relevant source part starts here and spans across multiple lines).

Warning (2018): Function state mutability can be restricted to view
  --> src/test/pool-bin/MockBinHooks.sol:41:5:
   |
41 |     function afterInitialize(address, PoolKey calldata, uint24) external override returns (bytes4) {
   |     ^ (Relevant source part starts here and spans across multiple lines).

Warning (2018): Function state mutability can be restricted to view
  --> test/pool-cl/helpers/MockHooks.sol:38:5:
   |
38 |     function beforeInitialize(address, PoolKey calldata, uint160) external override returns (bytes4) {
   |     ^ (Relevant source part starts here and spans across multiple lines).

Warning (2018): Function state mutability can be restricted to view
  --> test/pool-cl/helpers/MockHooks.sol:43:5:
   |
43 |     function afterInitialize(address, PoolKey calldata, uint160, int24) external override returns (bytes4) {
   |     ^ (Relevant source part starts here and spans across multiple lines).

