WARNING: Inline task action found in plugin "builtin:solidity" for task "compile". Use file:// URLs in production.
Warning: Contract code size is 39902 bytes and exceeds 24576 bytes (a limit introduced in Spurious Dragon). This contract may not be deployable on mainnet. Consider enabling the optimizer (with a low "runs" value!), turning off revert strings, or using libraries.
  --> src/test/CREATE3.t.sol:21:1:
   |
21 | contract CREATE3Test is DSTestPlus {
   | ^ (Relevant source part starts here and spans across multiple lines).


Warning: Contract code size is 107109 bytes and exceeds 24576 bytes (a limit introduced in Spurious Dragon). This contract may not be deployable on mainnet. Consider enabling the optimizer (with a low "runs" value!), turning off revert strings, or using libraries.
   --> src/test/ERC1155.t.sol:111:1:
    |
111 | contract ERC1155Test is DSTestPlus, ERC1155TokenReceiver {
    | ^ (Relevant source part starts here and spans across multiple lines).


Warning: Contract code size is 41579 bytes and exceeds 24576 bytes (a limit introduced in Spurious Dragon). This contract may not be deployable on mainnet. Consider enabling the optimizer (with a low "runs" value!), turning off revert strings, or using libraries.
 --> src/test/ERC20.t.sol:9:1:
  |
9 | contract ERC20Test is DSTestPlus {
  | ^ (Relevant source part starts here and spans across multiple lines).


Warning: Contract code size is 68311 bytes and exceeds 24576 bytes (a limit introduced in Spurious Dragon). This contract may not be deployable on mainnet. Consider enabling the optimizer (with a low "runs" value!), turning off revert strings, or using libraries.
 --> src/test/ERC4626.t.sol:9:1:
  |
9 | contract ERC4626Test is DSTestPlus {
  | ^ (Relevant source part starts here and spans across multiple lines).


Warning: Contract code size is 29474 bytes and exceeds 24576 bytes (a limit introduced in Spurious Dragon). This contract may not be deployable on mainnet. Consider enabling the optimizer (with a low "runs" value!), turning off revert strings, or using libraries.
 --> src/test/ERC6909.t.sol:9:1:
  |
9 | contract ERC6909Test is DSTestPlus {
  | ^ (Relevant source part starts here and spans across multiple lines).


Warning: Contract code size is 68586 bytes and exceeds 24576 bytes (a limit introduced in Spurious Dragon). This contract may not be deployable on mainnet. Consider enabling the optimizer (with a low "runs" value!), turning off revert strings, or using libraries.
  --> src/test/ERC721.t.sol:56:1:
   |
56 | contract ERC721Test is DSTestPlus {
   | ^ (Relevant source part starts here and spans across multiple lines).


Warning: Contract code size is 39620 bytes and exceeds 24576 bytes (a limit introduced in Spurious Dragon). This contract may not be deployable on mainnet. Consider enabling the optimizer (with a low "runs" value!), turning off revert strings, or using libraries.
  --> src/test/MultiRolesAuthority.t.sol:11:1:
   |
11 | contract MultiRolesAuthorityTest is DSTestPlus {
   | ^ (Relevant source part starts here and spans across multiple lines).


Warning: Contract code size is 52239 bytes and exceeds 24576 bytes (a limit introduced in Spurious Dragon). This contract may not be deployable on mainnet. Consider enabling the optimizer (with a low "runs" value!), turning off revert strings, or using libraries.
  --> src/test/SafeTransferLib.t.sol:18:1:
   |
18 | contract SafeTransferLibTest is DSTestPlus {
   | ^ (Relevant source part starts here and spans across multiple lines).


