WARNING: Inline task action found in plugin "builtin:solidity" for task "compile". Use file:// URLs in production.
Warning: Contract code size is 27516 bytes and exceeds 24576 bytes (a limit introduced in Spurious Dragon). This contract may not be deployable on Mainnet. Consider enabling the optimizer (with a low "runs" value!), turning off revert strings, or using libraries.
  --> node_modules/@sablier/v2-core/src/SablierV2NFTDescriptor.sol:38:1:
   |
38 | contract SablierV2NFTDescriptor is ISablierV2NFTDescriptor {
   | ^ (Relevant source part starts here and spans across multiple lines).


Warning: Contract code size is 118904 bytes and exceeds 24576 bytes (a limit introduced in Spurious Dragon). This contract may not be deployable on Mainnet. Consider enabling the optimizer (with a low "runs" value!), turning off revert strings, or using libraries.
  --> node_modules/@sablier/v2-core/precompiles/Precompiles.sol:16:1:
   |
16 | contract Precompiles {
   | ^ (Relevant source part starts here and spans across multiple lines).


Warning: Contract initcode size is 118934 bytes and exceeds 49152 bytes (a limit introduced in Shanghai). This contract may not be deployable on Mainnet. Consider enabling the optimizer (with a low "runs" value!), turning off revert strings, or using libraries.
  --> node_modules/@sablier/v2-core/precompiles/Precompiles.sol:16:1:
   |
16 | contract Precompiles {
   | ^ (Relevant source part starts here and spans across multiple lines).


Warning: Contract code size is 145978 bytes and exceeds 24576 bytes (a limit introduced in Spurious Dragon). This contract may not be deployable on Mainnet. Consider enabling the optimizer (with a low "runs" value!), turning off revert strings, or using libraries.
  --> precompiles/Precompiles.sol:14:1:
   |
14 | contract Precompiles {
   | ^ (Relevant source part starts here and spans across multiple lines).


Warning: Contract initcode size is 146008 bytes and exceeds 49152 bytes (a limit introduced in Shanghai). This contract may not be deployable on Mainnet. Consider enabling the optimizer (with a low "runs" value!), turning off revert strings, or using libraries.
  --> precompiles/Precompiles.sol:14:1:
   |
14 | contract Precompiles {
   | ^ (Relevant source part starts here and spans across multiple lines).


Warning: Contract code size is 31576 bytes and exceeds 24576 bytes (a limit introduced in Spurious Dragon). This contract may not be deployable on Mainnet. Consider enabling the optimizer (with a low "runs" value!), turning off revert strings, or using libraries.
  --> src/SablierV2MerkleLockupFactory.sol:18:1:
   |
18 | contract SablierV2MerkleLockupFactory is ISablierV2MerkleLockupFactory {
   | ^ (Relevant source part starts here and spans across multiple lines).


Warning: Contract code size is 28422 bytes and exceeds 24576 bytes (a limit introduced in Spurious Dragon). This contract may not be deployable on Mainnet. Consider enabling the optimizer (with a low "runs" value!), turning off revert strings, or using libraries.
  --> test/utils/Defaults.sol:19:1:
   |
19 | contract Defaults is Merkle {
   | ^ (Relevant source part starts here and spans across multiple lines).


Warning: Contract code size is 118568 bytes and exceeds 24576 bytes (a limit introduced in Spurious Dragon). This contract may not be deployable on Mainnet. Consider enabling the optimizer (with a low "runs" value!), turning off revert strings, or using libraries.
  --> test/fork/assets/USDC.t.sol:15:1:
   |
15 | contract USDC_CreateWithTimestamps_LockupDynamic_BatchLockup_Fork_Test is
   | ^ (Relevant source part starts here and spans across multiple lines).


Warning: Contract initcode size is 135300 bytes and exceeds 49152 bytes (a limit introduced in Shanghai). This contract may not be deployable on Mainnet. Consider enabling the optimizer (with a low "runs" value!), turning off revert strings, or using libraries.
  --> test/fork/assets/USDC.t.sol:15:1:
   |
15 | contract USDC_CreateWithTimestamps_LockupDynamic_BatchLockup_Fork_Test is
   | ^ (Relevant source part starts here and spans across multiple lines).


Warning: Contract code size is 115377 bytes and exceeds 24576 bytes (a limit introduced in Spurious Dragon). This contract may not be deployable on Mainnet. Consider enabling the optimizer (with a low "runs" value!), turning off revert strings, or using libraries.
  --> test/fork/assets/USDC.t.sol:19:1:
   |
19 | contract USDC_CreateWithTimestamps_LockupLinear_BatchLockup_Fork_Test is
   | ^ (Relevant source part starts here and spans across multiple lines).


Warning: Contract initcode size is 132109 bytes and exceeds 49152 bytes (a limit introduced in Shanghai). This contract may not be deployable on Mainnet. Consider enabling the optimizer (with a low "runs" value!), turning off revert strings, or using libraries.
  --> test/fork/assets/USDC.t.sol:19:1:
   |
19 | contract USDC_CreateWithTimestamps_LockupLinear_BatchLockup_Fork_Test is
   | ^ (Relevant source part starts here and spans across multiple lines).


Warning: Contract code size is 118439 bytes and exceeds 24576 bytes (a limit introduced in Spurious Dragon). This contract may not be deployable on Mainnet. Consider enabling the optimizer (with a low "runs" value!), turning off revert strings, or using libraries.
  --> test/fork/assets/USDC.t.sol:23:1:
   |
23 | contract USDC_CreateWithTimestamps_LockupTranched_BatchLockup_Fork_Test is
   | ^ (Relevant source part starts here and spans across multiple lines).


Warning: Contract initcode size is 135171 bytes and exceeds 49152 bytes (a limit introduced in Shanghai). This contract may not be deployable on Mainnet. Consider enabling the optimizer (with a low "runs" value!), turning off revert strings, or using libraries.
  --> test/fork/assets/USDC.t.sol:23:1:
   |
23 | contract USDC_CreateWithTimestamps_LockupTranched_BatchLockup_Fork_Test is
   | ^ (Relevant source part starts here and spans across multiple lines).


Warning: Contract code size is 137576 bytes and exceeds 24576 bytes (a limit introduced in Spurious Dragon). This contract may not be deployable on Mainnet. Consider enabling the optimizer (with a low "runs" value!), turning off revert strings, or using libraries.
  --> test/fork/assets/USDC.t.sol:27:1:
   |
27 | contract USDC_MerkleLL_Fork_Test is MerkleLL_Fork_Test(usdc) { }
   | ^^^^^^^^^^^^^^^^^^^^^^^^^^^^^^^^^^^^^^^^^^^^^^^^^^^^^^^^^^^^^^^^


Warning: Contract initcode size is 154301 bytes and exceeds 49152 bytes (a limit introduced in Shanghai). This contract may not be deployable on Mainnet. Consider enabling the optimizer (with a low "runs" value!), turning off revert strings, or using libraries.
  --> test/fork/assets/USDC.t.sol:27:1:
   |
27 | contract USDC_MerkleLL_Fork_Test is MerkleLL_Fork_Test(usdc) { }
   | ^^^^^^^^^^^^^^^^^^^^^^^^^^^^^^^^^^^^^^^^^^^^^^^^^^^^^^^^^^^^^^^^


Warning: Contract code size is 141829 bytes and exceeds 24576 bytes (a limit introduced in Spurious Dragon). This contract may not be deployable on Mainnet. Consider enabling the optimizer (with a low "runs" value!), turning off revert strings, or using libraries.
  --> test/fork/assets/USDC.t.sol:29:1:
   |
29 | contract USDC_MerkleLT_Fork_Test is MerkleLT_Fork_Test(usdc) { }
   | ^^^^^^^^^^^^^^^^^^^^^^^^^^^^^^^^^^^^^^^^^^^^^^^^^^^^^^^^^^^^^^^^


Warning: Contract initcode size is 158554 bytes and exceeds 49152 bytes (a limit introduced in Shanghai). This contract may not be deployable on Mainnet. Consider enabling the optimizer (with a low "runs" value!), turning off revert strings, or using libraries.
  --> test/fork/assets/USDC.t.sol:29:1:
   |
29 | contract USDC_MerkleLT_Fork_Test is MerkleLT_Fork_Test(usdc) { }
   | ^^^^^^^^^^^^^^^^^^^^^^^^^^^^^^^^^^^^^^^^^^^^^^^^^^^^^^^^^^^^^^^^


Warning: Contract code size is 118568 bytes and exceeds 24576 bytes (a limit introduced in Spurious Dragon). This contract may not be deployable on Mainnet. Consider enabling the optimizer (with a low "runs" value!), turning off revert strings, or using libraries.
  --> test/fork/assets/USDT.t.sol:15:1:
   |
15 | contract USDT_CreateWithTimestamps_LockupDynamic_BatchLockup_Fork_Test is
   | ^ (Relevant source part starts here and spans across multiple lines).


Warning: Contract initcode size is 135300 bytes and exceeds 49152 bytes (a limit introduced in Shanghai). This contract may not be deployable on Mainnet. Consider enabling the optimizer (with a low "runs" value!), turning off revert strings, or using libraries.
  --> test/fork/assets/USDT.t.sol:15:1:
   |
15 | contract USDT_CreateWithTimestamps_LockupDynamic_BatchLockup_Fork_Test is
   | ^ (Relevant source part starts here and spans across multiple lines).


Warning: Contract code size is 115377 bytes and exceeds 24576 bytes (a limit introduced in Spurious Dragon). This contract may not be deployable on Mainnet. Consider enabling the optimizer (with a low "runs" value!), turning off revert strings, or using libraries.
  --> test/fork/assets/USDT.t.sol:19:1:
   |
19 | contract USDT_CreateWithTimestamps_LockupLinear_BatchLockup_Fork_Test is
   | ^ (Relevant source part starts here and spans across multiple lines).


Warning: Contract initcode size is 132109 bytes and exceeds 49152 bytes (a limit introduced in Shanghai). This contract may not be deployable on Mainnet. Consider enabling the optimizer (with a low "runs" value!), turning off revert strings, or using libraries.
  --> test/fork/assets/USDT.t.sol:19:1:
   |
19 | contract USDT_CreateWithTimestamps_LockupLinear_BatchLockup_Fork_Test is
   | ^ (Relevant source part starts here and spans across multiple lines).


Warning: Contract code size is 118439 bytes and exceeds 24576 bytes (a limit introduced in Spurious Dragon). This contract may not be deployable on Mainnet. Consider enabling the optimizer (with a low "runs" value!), turning off revert strings, or using libraries.
  --> test/fork/assets/USDT.t.sol:23:1:
   |
23 | contract USDT_CreateWithTimestamps_LockupTranched_BatchLockup_Fork_Test is
   | ^ (Relevant source part starts here and spans across multiple lines).


Warning: Contract initcode size is 135171 bytes and exceeds 49152 bytes (a limit introduced in Shanghai). This contract may not be deployable on Mainnet. Consider enabling the optimizer (with a low "runs" value!), turning off revert strings, or using libraries.
  --> test/fork/assets/USDT.t.sol:23:1:
   |
23 | contract USDT_CreateWithTimestamps_LockupTranched_BatchLockup_Fork_Test is
   | ^ (Relevant source part starts here and spans across multiple lines).


Warning: Contract code size is 137576 bytes and exceeds 24576 bytes (a limit introduced in Spurious Dragon). This contract may not be deployable on Mainnet. Consider enabling the optimizer (with a low "runs" value!), turning off revert strings, or using libraries.
  --> test/fork/assets/USDT.t.sol:27:1:
   |
27 | contract USDT_MerkleLL_Fork_Test is MerkleLL_Fork_Test(usdt) { }
   | ^^^^^^^^^^^^^^^^^^^^^^^^^^^^^^^^^^^^^^^^^^^^^^^^^^^^^^^^^^^^^^^^


Warning: Contract initcode size is 154301 bytes and exceeds 49152 bytes (a limit introduced in Shanghai). This contract may not be deployable on Mainnet. Consider enabling the optimizer (with a low "runs" value!), turning off revert strings, or using libraries.
  --> test/fork/assets/USDT.t.sol:27:1:
   |
27 | contract USDT_MerkleLL_Fork_Test is MerkleLL_Fork_Test(usdt) { }
   | ^^^^^^^^^^^^^^^^^^^^^^^^^^^^^^^^^^^^^^^^^^^^^^^^^^^^^^^^^^^^^^^^


Warning: Contract code size is 141829 bytes and exceeds 24576 bytes (a limit introduced in Spurious Dragon). This contract may not be deployable on Mainnet. Consider enabling the optimizer (with a low "runs" value!), turning off revert strings, or using libraries.
  --> test/fork/assets/USDT.t.sol:29:1:
   |
29 | contract USDT_MerkleLT_Fork_Test is MerkleLT_Fork_Test(usdt) { }
   | ^^^^^^^^^^^^^^^^^^^^^^^^^^^^^^^^^^^^^^^^^^^^^^^^^^^^^^^^^^^^^^^^


Warning: Contract initcode size is 158554 bytes and exceeds 49152 bytes (a limit introduced in Shanghai). This contract may not be deployable on Mainnet. Consider enabling the optimizer (with a low "runs" value!), turning off revert strings, or using libraries.
  --> test/fork/assets/USDT.t.sol:29:1:
   |
29 | contract USDT_MerkleLT_Fork_Test is MerkleLT_Fork_Test(usdt) { }
   | ^^^^^^^^^^^^^^^^^^^^^^^^^^^^^^^^^^^^^^^^^^^^^^^^^^^^^^^^^^^^^^^^


Warning: Contract code size is 232144 bytes and exceeds 24576 bytes (a limit introduced in Spurious Dragon). This contract may not be deployable on Mainnet. Consider enabling the optimizer (with a low "runs" value!), turning off revert strings, or using libraries.
 --> test/integration/batch-lockup/create-with-durations-ld/createWithDurationsLD.t.sol:9:1:
  |
9 | contract CreateWithDurationsLD_Integration_Test is Integration_Test {
  | ^ (Relevant source part starts here and spans across multiple lines).


Warning: Contract initcode size is 232174 bytes and exceeds 49152 bytes (a limit introduced in Shanghai). This contract may not be deployable on Mainnet. Consider enabling the optimizer (with a low "runs" value!), turning off revert strings, or using libraries.
 --> test/integration/batch-lockup/create-with-durations-ld/createWithDurationsLD.t.sol:9:1:
  |
9 | contract CreateWithDurationsLD_Integration_Test is Integration_Test {
  | ^ (Relevant source part starts here and spans across multiple lines).


Warning: Contract code size is 231534 bytes and exceeds 24576 bytes (a limit introduced in Spurious Dragon). This contract may not be deployable on Mainnet. Consider enabling the optimizer (with a low "runs" value!), turning off revert strings, or using libraries.
 --> test/integration/batch-lockup/create-with-durations-ll/createWithDurationsLL.t.sol:9:1:
  |
9 | contract CreateWithDurationsLL_Integration_Test is Integration_Test {
  | ^ (Relevant source part starts here and spans across multiple lines).


Warning: Contract initcode size is 231564 bytes and exceeds 49152 bytes (a limit introduced in Shanghai). This contract may not be deployable on Mainnet. Consider enabling the optimizer (with a low "runs" value!), turning off revert strings, or using libraries.
 --> test/integration/batch-lockup/create-with-durations-ll/createWithDurationsLL.t.sol:9:1:
  |
9 | contract CreateWithDurationsLL_Integration_Test is Integration_Test {
  | ^ (Relevant source part starts here and spans across multiple lines).


Warning: Contract code size is 232015 bytes and exceeds 24576 bytes (a limit introduced in Spurious Dragon). This contract may not be deployable on Mainnet. Consider enabling the optimizer (with a low "runs" value!), turning off revert strings, or using libraries.
 --> test/integration/batch-lockup/create-with-durations-lt/createWithDurationsLT.t.sol:9:1:
  |
9 | contract CreateWithDurationsLT_Integration_Test is Integration_Test {
  | ^ (Relevant source part starts here and spans across multiple lines).


Warning: Contract initcode size is 232045 bytes and exceeds 49152 bytes (a limit introduced in Shanghai). This contract may not be deployable on Mainnet. Consider enabling the optimizer (with a low "runs" value!), turning off revert strings, or using libraries.
 --> test/integration/batch-lockup/create-with-durations-lt/createWithDurationsLT.t.sol:9:1:
  |
9 | contract CreateWithDurationsLT_Integration_Test is Integration_Test {
  | ^ (Relevant source part starts here and spans across multiple lines).


Warning: Contract code size is 232241 bytes and exceeds 24576 bytes (a limit introduced in Spurious Dragon). This contract may not be deployable on Mainnet. Consider enabling the optimizer (with a low "runs" value!), turning off revert strings, or using libraries.
 --> test/integration/batch-lockup/create-with-timestamps-ld/createWithTimestampsLD.t.sol:9:1:
  |
9 | contract CreateWithTimestampsLD_Integration_Test is Integration_Test {
  | ^ (Relevant source part starts here and spans across multiple lines).


Warning: Contract initcode size is 232271 bytes and exceeds 49152 bytes (a limit introduced in Shanghai). This contract may not be deployable on Mainnet. Consider enabling the optimizer (with a low "runs" value!), turning off revert strings, or using libraries.
 --> test/integration/batch-lockup/create-with-timestamps-ld/createWithTimestampsLD.t.sol:9:1:
  |
9 | contract CreateWithTimestampsLD_Integration_Test is Integration_Test {
  | ^ (Relevant source part starts here and spans across multiple lines).


Warning: Contract code size is 231588 bytes and exceeds 24576 bytes (a limit introduced in Spurious Dragon). This contract may not be deployable on Mainnet. Consider enabling the optimizer (with a low "runs" value!), turning off revert strings, or using libraries.
 --> test/integration/batch-lockup/create-with-timestamps-ll/createWithTimestamps.t.sol:9:1:
  |
9 | contract CreateWithTimestampsLL_Integration_Test is Integration_Test {
  | ^ (Relevant source part starts here and spans across multiple lines).


Warning: Contract initcode size is 231618 bytes and exceeds 49152 bytes (a limit introduced in Shanghai). This contract may not be deployable on Mainnet. Consider enabling the optimizer (with a low "runs" value!), turning off revert strings, or using libraries.
 --> test/integration/batch-lockup/create-with-timestamps-ll/createWithTimestamps.t.sol:9:1:
  |
9 | contract CreateWithTimestampsLL_Integration_Test is Integration_Test {
  | ^ (Relevant source part starts here and spans across multiple lines).


Warning: Contract code size is 232112 bytes and exceeds 24576 bytes (a limit introduced in Spurious Dragon). This contract may not be deployable on Mainnet. Consider enabling the optimizer (with a low "runs" value!), turning off revert strings, or using libraries.
 --> test/integration/batch-lockup/create-with-timestamps-lt/createWithTimestampsLT.t.sol:9:1:
  |
9 | contract CreateWithTimestampsLT_Integration_Test is Integration_Test {
  | ^ (Relevant source part starts here and spans across multiple lines).


Warning: Contract initcode size is 232142 bytes and exceeds 49152 bytes (a limit introduced in Shanghai). This contract may not be deployable on Mainnet. Consider enabling the optimizer (with a low "runs" value!), turning off revert strings, or using libraries.
 --> test/integration/batch-lockup/create-with-timestamps-lt/createWithTimestampsLT.t.sol:9:1:
  |
9 | contract CreateWithTimestampsLT_Integration_Test is Integration_Test {
  | ^ (Relevant source part starts here and spans across multiple lines).


Warning: Contract code size is 249189 bytes and exceeds 24576 bytes (a limit introduced in Spurious Dragon). This contract may not be deployable on Mainnet. Consider enabling the optimizer (with a low "runs" value!), turning off revert strings, or using libraries.
  --> test/integration/merkle-lockup/factory/create-merkle-ll/createMerkleLL.t.sol:12:1:
   |
12 | contract CreateMerkleLL_Integration_Test is MerkleLockup_Integration_Test {
   | ^ (Relevant source part starts here and spans across multiple lines).


Warning: Contract initcode size is 249219 bytes and exceeds 49152 bytes (a limit introduced in Shanghai). This contract may not be deployable on Mainnet. Consider enabling the optimizer (with a low "runs" value!), turning off revert strings, or using libraries.
  --> test/integration/merkle-lockup/factory/create-merkle-ll/createMerkleLL.t.sol:12:1:
   |
12 | contract CreateMerkleLL_Integration_Test is MerkleLockup_Integration_Test {
   | ^ (Relevant source part starts here and spans across multiple lines).


Warning: Contract code size is 252417 bytes and exceeds 24576 bytes (a limit introduced in Spurious Dragon). This contract may not be deployable on Mainnet. Consider enabling the optimizer (with a low "runs" value!), turning off revert strings, or using libraries.
  --> test/integration/merkle-lockup/factory/create-merkle-lt/createMerkleLT.t.sol:10:1:
   |
10 | contract CreateMerkleLT_Integration_Test is MerkleLockup_Integration_Test {
   | ^ (Relevant source part starts here and spans across multiple lines).


Warning: Contract initcode size is 252447 bytes and exceeds 49152 bytes (a limit introduced in Shanghai). This contract may not be deployable on Mainnet. Consider enabling the optimizer (with a low "runs" value!), turning off revert strings, or using libraries.
  --> test/integration/merkle-lockup/factory/create-merkle-lt/createMerkleLT.t.sol:10:1:
   |
10 | contract CreateMerkleLT_Integration_Test is MerkleLockup_Integration_Test {
   | ^ (Relevant source part starts here and spans across multiple lines).


Warning: Contract code size is 232957 bytes and exceeds 24576 bytes (a limit introduced in Spurious Dragon). This contract may not be deployable on Mainnet. Consider enabling the optimizer (with a low "runs" value!), turning off revert strings, or using libraries.
  --> test/integration/merkle-lockup/factory/is-percentages-sum-100/isPercentagesSum100.t.sol:10:1:
   |
10 | contract IsPercentagesSum100_Integration_Test is MerkleLockup_Integration_Test {
   | ^ (Relevant source part starts here and spans across multiple lines).


Warning: Contract initcode size is 232987 bytes and exceeds 49152 bytes (a limit introduced in Shanghai). This contract may not be deployable on Mainnet. Consider enabling the optimizer (with a low "runs" value!), turning off revert strings, or using libraries.
  --> test/integration/merkle-lockup/factory/is-percentages-sum-100/isPercentagesSum100.t.sol:10:1:
   |
10 | contract IsPercentagesSum100_Integration_Test is MerkleLockup_Integration_Test {
   | ^ (Relevant source part starts here and spans across multiple lines).


Warning: Contract code size is 242853 bytes and exceeds 24576 bytes (a limit introduced in Spurious Dragon). This contract may not be deployable on Mainnet. Consider enabling the optimizer (with a low "runs" value!), turning off revert strings, or using libraries.
  --> test/integration/merkle-lockup/ll/claim/claim.t.sol:10:1:
   |
10 | contract Claim_Integration_Test is MerkleLockup_Integration_Test {
   | ^ (Relevant source part starts here and spans across multiple lines).


Warning: Contract initcode size is 242883 bytes and exceeds 49152 bytes (a limit introduced in Shanghai). This contract may not be deployable on Mainnet. Consider enabling the optimizer (with a low "runs" value!), turning off revert strings, or using libraries.
  --> test/integration/merkle-lockup/ll/claim/claim.t.sol:10:1:
   |
10 | contract Claim_Integration_Test is MerkleLockup_Integration_Test {
   | ^ (Relevant source part starts here and spans across multiple lines).


Warning: Contract code size is 236239 bytes and exceeds 24576 bytes (a limit introduced in Spurious Dragon). This contract may not be deployable on Mainnet. Consider enabling the optimizer (with a low "runs" value!), turning off revert strings, or using libraries.
  --> test/integration/merkle-lockup/ll/clawback/clawback.t.sol:10:1:
   |
10 | contract Clawback_Integration_Test is MerkleLockup_Integration_Test {
   | ^ (Relevant source part starts here and spans across multiple lines).


Warning: Contract initcode size is 236269 bytes and exceeds 49152 bytes (a limit introduced in Shanghai). This contract may not be deployable on Mainnet. Consider enabling the optimizer (with a low "runs" value!), turning off revert strings, or using libraries.
  --> test/integration/merkle-lockup/ll/clawback/clawback.t.sol:10:1:
   |
10 | contract Clawback_Integration_Test is MerkleLockup_Integration_Test {
   | ^ (Relevant source part starts here and spans across multiple lines).


Warning: Contract code size is 248252 bytes and exceeds 24576 bytes (a limit introduced in Spurious Dragon). This contract may not be deployable on Mainnet. Consider enabling the optimizer (with a low "runs" value!), turning off revert strings, or using libraries.
  --> test/integration/merkle-lockup/ll/constructor/constructor.t.sol:10:1:
   |
10 | contract Constructor_MerkleLL_Integration_Test is MerkleLockup_Integration_Test {
   | ^ (Relevant source part starts here and spans across multiple lines).


Warning: Contract initcode size is 248282 bytes and exceeds 49152 bytes (a limit introduced in Shanghai). This contract may not be deployable on Mainnet. Consider enabling the optimizer (with a low "runs" value!), turning off revert strings, or using libraries.
  --> test/integration/merkle-lockup/ll/constructor/constructor.t.sol:10:1:
   |
10 | contract Constructor_MerkleLL_Integration_Test is MerkleLockup_Integration_Test {
   | ^ (Relevant source part starts here and spans across multiple lines).


Warning: Contract code size is 232051 bytes and exceeds 24576 bytes (a limit introduced in Spurious Dragon). This contract may not be deployable on Mainnet. Consider enabling the optimizer (with a low "runs" value!), turning off revert strings, or using libraries.
 --> test/integration/merkle-lockup/ll/get-first-claim-time/getFirstClaimTime.t.sol:6:1:
  |
6 | contract GetFirstClaimTime_Integration_Test is MerkleLockup_Integration_Test {
  | ^ (Relevant source part starts here and spans across multiple lines).


Warning: Contract initcode size is 232081 bytes and exceeds 49152 bytes (a limit introduced in Shanghai). This contract may not be deployable on Mainnet. Consider enabling the optimizer (with a low "runs" value!), turning off revert strings, or using libraries.
 --> test/integration/merkle-lockup/ll/get-first-claim-time/getFirstClaimTime.t.sol:6:1:
  |
6 | contract GetFirstClaimTime_Integration_Test is MerkleLockup_Integration_Test {
  | ^ (Relevant source part starts here and spans across multiple lines).


Warning: Contract code size is 232883 bytes and exceeds 24576 bytes (a limit introduced in Spurious Dragon). This contract may not be deployable on Mainnet. Consider enabling the optimizer (with a low "runs" value!), turning off revert strings, or using libraries.
 --> test/integration/merkle-lockup/ll/has-claimed/hasClaimed.t.sol:6:1:
  |
6 | contract HasClaimed_Integration_Test is MerkleLockup_Integration_Test {
  | ^ (Relevant source part starts here and spans across multiple lines).


Warning: Contract initcode size is 232913 bytes and exceeds 49152 bytes (a limit introduced in Shanghai). This contract may not be deployable on Mainnet. Consider enabling the optimizer (with a low "runs" value!), turning off revert strings, or using libraries.
 --> test/integration/merkle-lockup/ll/has-claimed/hasClaimed.t.sol:6:1:
  |
6 | contract HasClaimed_Integration_Test is MerkleLockup_Integration_Test {
  | ^ (Relevant source part starts here and spans across multiple lines).


Warning: Contract code size is 232598 bytes and exceeds 24576 bytes (a limit introduced in Spurious Dragon). This contract may not be deployable on Mainnet. Consider enabling the optimizer (with a low "runs" value!), turning off revert strings, or using libraries.
 --> test/integration/merkle-lockup/ll/has-expired/hasExpired.t.sol:8:1:
  |
8 | contract HasExpired_Integration_Test is MerkleLockup_Integration_Test {
  | ^ (Relevant source part starts here and spans across multiple lines).


Warning: Contract initcode size is 232628 bytes and exceeds 49152 bytes (a limit introduced in Shanghai). This contract may not be deployable on Mainnet. Consider enabling the optimizer (with a low "runs" value!), turning off revert strings, or using libraries.
 --> test/integration/merkle-lockup/ll/has-expired/hasExpired.t.sol:8:1:
  |
8 | contract HasExpired_Integration_Test is MerkleLockup_Integration_Test {
  | ^ (Relevant source part starts here and spans across multiple lines).


Warning: Contract code size is 252938 bytes and exceeds 24576 bytes (a limit introduced in Spurious Dragon). This contract may not be deployable on Mainnet. Consider enabling the optimizer (with a low "runs" value!), turning off revert strings, or using libraries.
  --> test/integration/merkle-lockup/lt/claim/claim.t.sol:17:1:
   |
17 | contract Claim_Integration_Test is Merkle, MerkleLockup_Integration_Test {
   | ^ (Relevant source part starts here and spans across multiple lines).


Warning: Contract initcode size is 253217 bytes and exceeds 49152 bytes (a limit introduced in Shanghai). This contract may not be deployable on Mainnet. Consider enabling the optimizer (with a low "runs" value!), turning off revert strings, or using libraries.
  --> test/integration/merkle-lockup/lt/claim/claim.t.sol:17:1:
   |
17 | contract Claim_Integration_Test is Merkle, MerkleLockup_Integration_Test {
   | ^ (Relevant source part starts here and spans across multiple lines).


Warning: Contract code size is 236239 bytes and exceeds 24576 bytes (a limit introduced in Spurious Dragon). This contract may not be deployable on Mainnet. Consider enabling the optimizer (with a low "runs" value!), turning off revert strings, or using libraries.
  --> test/integration/merkle-lockup/lt/clawback/clawback.t.sol:10:1:
   |
10 | contract Clawback_Integration_Test is MerkleLockup_Integration_Test {
   | ^ (Relevant source part starts here and spans across multiple lines).


Warning: Contract initcode size is 236269 bytes and exceeds 49152 bytes (a limit introduced in Shanghai). This contract may not be deployable on Mainnet. Consider enabling the optimizer (with a low "runs" value!), turning off revert strings, or using libraries.
  --> test/integration/merkle-lockup/lt/clawback/clawback.t.sol:10:1:
   |
10 | contract Clawback_Integration_Test is MerkleLockup_Integration_Test {
   | ^ (Relevant source part starts here and spans across multiple lines).


Warning: Contract code size is 252617 bytes and exceeds 24576 bytes (a limit introduced in Spurious Dragon). This contract may not be deployable on Mainnet. Consider enabling the optimizer (with a low "runs" value!), turning off revert strings, or using libraries.
 --> test/integration/merkle-lockup/lt/constructor/constructor.t.sol:9:1:
  |
9 | contract Constructor_MerkleLT_Integration_Test is MerkleLockup_Integration_Test {
  | ^ (Relevant source part starts here and spans across multiple lines).


Warning: Contract initcode size is 252647 bytes and exceeds 49152 bytes (a limit introduced in Shanghai). This contract may not be deployable on Mainnet. Consider enabling the optimizer (with a low "runs" value!), turning off revert strings, or using libraries.
 --> test/integration/merkle-lockup/lt/constructor/constructor.t.sol:9:1:
  |
9 | contract Constructor_MerkleLT_Integration_Test is MerkleLockup_Integration_Test {
  | ^ (Relevant source part starts here and spans across multiple lines).


Warning: Contract code size is 232051 bytes and exceeds 24576 bytes (a limit introduced in Spurious Dragon). This contract may not be deployable on Mainnet. Consider enabling the optimizer (with a low "runs" value!), turning off revert strings, or using libraries.
 --> test/integration/merkle-lockup/lt/get-first-claim-time/getFirstClaimTime.t.sol:6:1:
  |
6 | contract GetFirstClaimTime_Integration_Test is MerkleLockup_Integration_Test {
  | ^ (Relevant source part starts here and spans across multiple lines).


Warning: Contract initcode size is 232081 bytes and exceeds 49152 bytes (a limit introduced in Shanghai). This contract may not be deployable on Mainnet. Consider enabling the optimizer (with a low "runs" value!), turning off revert strings, or using libraries.
 --> test/integration/merkle-lockup/lt/get-first-claim-time/getFirstClaimTime.t.sol:6:1:
  |
6 | contract GetFirstClaimTime_Integration_Test is MerkleLockup_Integration_Test {
  | ^ (Relevant source part starts here and spans across multiple lines).


Warning: Contract code size is 232883 bytes and exceeds 24576 bytes (a limit introduced in Spurious Dragon). This contract may not be deployable on Mainnet. Consider enabling the optimizer (with a low "runs" value!), turning off revert strings, or using libraries.
 --> test/integration/merkle-lockup/lt/has-claimed/hasClaimed.t.sol:6:1:
  |
6 | contract HasClaimed_Integration_Test is MerkleLockup_Integration_Test {
  | ^ (Relevant source part starts here and spans across multiple lines).


Warning: Contract initcode size is 232913 bytes and exceeds 49152 bytes (a limit introduced in Shanghai). This contract may not be deployable on Mainnet. Consider enabling the optimizer (with a low "runs" value!), turning off revert strings, or using libraries.
 --> test/integration/merkle-lockup/lt/has-claimed/hasClaimed.t.sol:6:1:
  |
6 | contract HasClaimed_Integration_Test is MerkleLockup_Integration_Test {
  | ^ (Relevant source part starts here and spans across multiple lines).


Warning: Contract code size is 232598 bytes and exceeds 24576 bytes (a limit introduced in Spurious Dragon). This contract may not be deployable on Mainnet. Consider enabling the optimizer (with a low "runs" value!), turning off revert strings, or using libraries.
 --> test/integration/merkle-lockup/lt/has-expired/hasExpired.t.sol:8:1:
  |
8 | contract HasExpired_Integration_Test is MerkleLockup_Integration_Test {
  | ^ (Relevant source part starts here and spans across multiple lines).


Warning: Contract initcode size is 232628 bytes and exceeds 49152 bytes (a limit introduced in Shanghai). This contract may not be deployable on Mainnet. Consider enabling the optimizer (with a low "runs" value!), turning off revert strings, or using libraries.
 --> test/integration/merkle-lockup/lt/has-expired/hasExpired.t.sol:8:1:
  |
8 | contract HasExpired_Integration_Test is MerkleLockup_Integration_Test {
  | ^ (Relevant source part starts here and spans across multiple lines).


Warning: Contract code size is 57779 bytes and exceeds 24576 bytes (a limit introduced in Spurious Dragon). This contract may not be deployable on Mainnet. Consider enabling the optimizer (with a low "runs" value!), turning off revert strings, or using libraries.
  --> test/utils/Precompiles.t.sol:10:1:
   |
10 | contract Precompiles_Test is Base_Test {
   | ^ (Relevant source part starts here and spans across multiple lines).


Warning: Contract initcode size is 203933 bytes and exceeds 49152 bytes (a limit introduced in Shanghai). This contract may not be deployable on Mainnet. Consider enabling the optimizer (with a low "runs" value!), turning off revert strings, or using libraries.
  --> test/utils/Precompiles.t.sol:10:1:
   |
10 | contract Precompiles_Test is Base_Test {
   | ^ (Relevant source part starts here and spans across multiple lines).


